[2020-11-08 03:51:37.898] [error] [Message: uncaughtException: Cannot access 'logger' before initialization
ReferenceError: Cannot access 'logger' before initialization
    at Object.<anonymous> (/home/sravya/SPEW/sem3/open source/OpenSourceReportsStore/routes/api/auth.js:8:1)
    at Module._compile (internal/modules/cjs/loader.js:1133:30)
    at Object.Module._extensions..js (internal/modules/cjs/loader.js:1153:10)
    at Module.load (internal/modules/cjs/loader.js:977:32)
    at Function.Module._load (internal/modules/cjs/loader.js:877:14)
    at Module.require (internal/modules/cjs/loader.js:1019:19)
    at require (internal/modules/cjs/helpers.js:77:18)
    at Object.<anonymous> (/home/sravya/SPEW/sem3/open source/OpenSourceReportsStore/server.js:32:22)
    at Module._compile (internal/modules/cjs/loader.js:1133:30)
    at Object.Module._extensions..js (internal/modules/cjs/loader.js:1153:10)
    at Module.load (internal/modules/cjs/loader.js:977:32)
    at Function.Module._load (internal/modules/cjs/loader.js:877:14)
    at Function.executeUserEntryPoint [as runMain] (internal/modules/run_main.js:74:12)
    at internal/main/run_main_module.js:18:47] [ActivityID: undefined] [UserID: undefined] [Context: undefined]
[2020-11-08 03:56:38.941] [error] [Message: uncaughtException: Identifier 'logger' has already been declared
/home/sravya/SPEW/sem3/open source/OpenSourceReportsStore/routes/api/auth.js:11
const logger = require('../../logs_config/winston');
      ^

SyntaxError: Identifier 'logger' has already been declared
    at wrapSafe (internal/modules/cjs/loader.js:1047:16)
    at Module._compile (internal/modules/cjs/loader.js:1097:27)
    at Object.Module._extensions..js (internal/modules/cjs/loader.js:1153:10)
    at Module.load (internal/modules/cjs/loader.js:977:32)
    at Function.Module._load (internal/modules/cjs/loader.js:877:14)
    at Module.require (internal/modules/cjs/loader.js:1019:19)
    at require (internal/modules/cjs/helpers.js:77:18)
    at Object.<anonymous> (/home/sravya/SPEW/sem3/open source/OpenSourceReportsStore/server.js:32:22)
    at Module._compile (internal/modules/cjs/loader.js:1133:30)
    at Object.Module._extensions..js (internal/modules/cjs/loader.js:1153:10)
    at Module.load (internal/modules/cjs/loader.js:977:32)
    at Function.Module._load (internal/modules/cjs/loader.js:877:14)
    at Function.executeUserEntryPoint [as runMain] (internal/modules/run_main.js:74:12)
    at internal/main/run_main_module.js:18:47] [ActivityID: undefined] [UserID: undefined] [Context: undefined]
[2020-11-08 03:58:34.672] [info] [Message: User Logged in] [ActivityID: f3nGKLkTs-nm9bDR1O0LjTyoBE3F-kZomU3YBXSeXQg] [UserID: 5f831f7a94071d09bb6cbdfa] [Context: auth.js]
[2020-11-08 04:00:44.971] [info] [Message: User Logged in] [ActivityID: hUTbDacDlfcET1c_tW4suDR1IK_YwkYwmducRi8pFBI] [UserID: 5f8839d5ed35250e440ca1b9] [Context: auth.js]
[2020-11-08 04:02:33.940] [info] [Message: User Logged in] [ActivityID: Q6R3_V4bTFjzWIMt4w563XRm4r1byGAK01NVMJe2Czw] [UserID: 5f831f7a94071d09bb6cbdfa] [Context: auth.js]
[2020-11-08 04:03:05.460] [error] [Message: uncaughtException: Cannot find module './logs_config/winston'
Require stack:
- /home/sravya/SPEW/sem3/open source/OpenSourceReportsStore/routes/api/reports.js
- /home/sravya/SPEW/sem3/open source/OpenSourceReportsStore/server.js
Error: Cannot find module './logs_config/winston'
Require stack:
- /home/sravya/SPEW/sem3/open source/OpenSourceReportsStore/routes/api/reports.js
- /home/sravya/SPEW/sem3/open source/OpenSourceReportsStore/server.js
    at Function.Module._resolveFilename (internal/modules/cjs/loader.js:957:15)
    at Function.Module._load (internal/modules/cjs/loader.js:840:27)
    at Module.require (internal/modules/cjs/loader.js:1019:19)
    at require (internal/modules/cjs/helpers.js:77:18)
    at Object.<anonymous> (/home/sravya/SPEW/sem3/open source/OpenSourceReportsStore/routes/api/reports.js:6:14)
    at Module._compile (internal/modules/cjs/loader.js:1133:30)
    at Object.Module._extensions..js (internal/modules/cjs/loader.js:1153:10)
    at Module.load (internal/modules/cjs/loader.js:977:32)
    at Function.Module._load (internal/modules/cjs/loader.js:877:14)
    at Module.require (internal/modules/cjs/loader.js:1019:19)
    at require (internal/modules/cjs/helpers.js:77:18)
    at Object.<anonymous> (/home/sravya/SPEW/sem3/open source/OpenSourceReportsStore/server.js:33:25)
    at Module._compile (internal/modules/cjs/loader.js:1133:30)
    at Object.Module._extensions..js (internal/modules/cjs/loader.js:1153:10)
    at Module.load (internal/modules/cjs/loader.js:977:32)
    at Function.Module._load (internal/modules/cjs/loader.js:877:14)] [ActivityID: undefined] [UserID: undefined] [Context: undefined]
[2020-11-08 04:05:42.567] [error] [Message: uncaughtException: Cannot find module './logs_config/winston'
Require stack:
- /home/sravya/SPEW/sem3/open source/OpenSourceReportsStore/routes/api/reports.js
- /home/sravya/SPEW/sem3/open source/OpenSourceReportsStore/server.js
Error: Cannot find module './logs_config/winston'
Require stack:
- /home/sravya/SPEW/sem3/open source/OpenSourceReportsStore/routes/api/reports.js
- /home/sravya/SPEW/sem3/open source/OpenSourceReportsStore/server.js
    at Function.Module._resolveFilename (internal/modules/cjs/loader.js:957:15)
    at Function.Module._load (internal/modules/cjs/loader.js:840:27)
    at Module.require (internal/modules/cjs/loader.js:1019:19)
    at require (internal/modules/cjs/helpers.js:77:18)
    at Object.<anonymous> (/home/sravya/SPEW/sem3/open source/OpenSourceReportsStore/routes/api/reports.js:6:14)
    at Module._compile (internal/modules/cjs/loader.js:1133:30)
    at Object.Module._extensions..js (internal/modules/cjs/loader.js:1153:10)
    at Module.load (internal/modules/cjs/loader.js:977:32)
    at Function.Module._load (internal/modules/cjs/loader.js:877:14)
    at Module.require (internal/modules/cjs/loader.js:1019:19)
    at require (internal/modules/cjs/helpers.js:77:18)
    at Object.<anonymous> (/home/sravya/SPEW/sem3/open source/OpenSourceReportsStore/server.js:33:25)
    at Module._compile (internal/modules/cjs/loader.js:1133:30)
    at Object.Module._extensions..js (internal/modules/cjs/loader.js:1153:10)
    at Module.load (internal/modules/cjs/loader.js:977:32)
    at Function.Module._load (internal/modules/cjs/loader.js:877:14)] [ActivityID: undefined] [UserID: undefined] [Context: undefined]
[2020-11-08 04:07:29.199] [error] [Message: uncaughtException: Cannot find module '../logs_config/winston'
Require stack:
- /home/sravya/SPEW/sem3/open source/OpenSourceReportsStore/routes/api/reports.js
- /home/sravya/SPEW/sem3/open source/OpenSourceReportsStore/server.js
Error: Cannot find module '../logs_config/winston'
Require stack:
- /home/sravya/SPEW/sem3/open source/OpenSourceReportsStore/routes/api/reports.js
- /home/sravya/SPEW/sem3/open source/OpenSourceReportsStore/server.js
    at Function.Module._resolveFilename (internal/modules/cjs/loader.js:957:15)
    at Function.Module._load (internal/modules/cjs/loader.js:840:27)
    at Module.require (internal/modules/cjs/loader.js:1019:19)
    at require (internal/modules/cjs/helpers.js:77:18)
    at Object.<anonymous> (/home/sravya/SPEW/sem3/open source/OpenSourceReportsStore/routes/api/reports.js:6:14)
    at Module._compile (internal/modules/cjs/loader.js:1133:30)
    at Object.Module._extensions..js (internal/modules/cjs/loader.js:1153:10)
    at Module.load (internal/modules/cjs/loader.js:977:32)
    at Function.Module._load (internal/modules/cjs/loader.js:877:14)
    at Module.require (internal/modules/cjs/loader.js:1019:19)
    at require (internal/modules/cjs/helpers.js:77:18)
    at Object.<anonymous> (/home/sravya/SPEW/sem3/open source/OpenSourceReportsStore/server.js:33:25)
    at Module._compile (internal/modules/cjs/loader.js:1133:30)
    at Object.Module._extensions..js (internal/modules/cjs/loader.js:1153:10)
    at Module.load (internal/modules/cjs/loader.js:977:32)
    at Function.Module._load (internal/modules/cjs/loader.js:877:14)] [ActivityID: undefined] [UserID: undefined] [Context: undefined]
[2020-11-08 04:08:06.656] [info] [Message: Added Report] [ActivityID: Q6R3_V4bTFjzWIMt4w563XRm4r1byGAK01NVMJe2Czw] [UserID: 5f831f7a94071d09bb6cbdfa] [Context: report.js]
[2020-11-08 04:08:30.822] [info] [Message: Deleted Report - 5fa76f26c81c7d234ed50261] [ActivityID: Q6R3_V4bTFjzWIMt4w563XRm4r1byGAK01NVMJe2Czw] [UserID: undefined] [Context: report.js]
[2020-11-08 04:16:58.617] [info] [Message: User Logged in] [ActivityID: G7rN8bZaLmV_ztGo6K0L0kr779KZxyX9poQJ2F3ZZCQ] [UserID: 5f8839d5ed35250e440ca1b9] [Context: auth.js]
[2020-11-08 04:37:53.628] [info] [Message: User Logged in] [ActivityID: Kkwidutc32wKfUrRCLojNs09mEtdNt4aG5bZIWGAyxE] [UserID: 5f8839d5ed35250e440ca1b9] [Context: auth.js]
[2020-11-08 06:36:12.301] [info] [Message: User Logged in] [ActivityID: dO_rxKsaE1dPIEs8U16BOOLapxzSV7YM7ykayb9cEwY] [UserID: 5f8839d5ed35250e440ca1b9] [Context: auth.js]
[2020-11-08 06:39:40.743] [info] [Message: User Logged in] [ActivityID: Echpbxx0mFdevUzAbUx1220cWHA0YtansdAQHSdLk2M] [UserID: 5f8839d5ed35250e440ca1b9] [Context: auth.js]
[2020-11-08 06:41:36.806] [info] [Message: User Logged in] [ActivityID: aFF6FhEIZrunrPPv86q4O26kTC-miutvuxzaFtoewxU] [UserID: 5f8839d5ed35250e440ca1b9] [Context: auth.js]
[2020-11-08 06:42:02.028] [info] [Message: User Logged in] [ActivityID: 8Psm6SmAQowhO35yqvJChRz7bcTpDFNBN-8vvM8SSFo] [UserID: 5f831f7a94071d09bb6cbdfa] [Context: auth.js]
[2020-11-08 06:44:04.106] [info] [Message: User Logged in] [ActivityID: RoSyBY40dKBXMROfdaVAEFoCPL_BXrFnnnhn18JPdA4] [UserID: 5f8839d5ed35250e440ca1b9] [Context: auth.js]
[2020-11-08 06:47:28.267] [info] [Message: User Logged in] [ActivityID: gfyvJaGVyXjR7PGU43kPmZy0XCbAPFHYLUwPJRuZw8U] [UserID: 5f8839d5ed35250e440ca1b9] [Context: auth.js]
[2020-11-08 06:52:16.179] [info] [Message: User Logged in] [ActivityID: Nr7-_8B5Hy5fvXsXjczEIKEP4vhIur2M4sKRkk7AI9U] [UserID: 5f8839d5ed35250e440ca1b9] [Context: auth.js]
[2020-11-08 08:42:02.942] [info] [Message: User Logged in] [ActivityID: FuxkYVCkqaJ6M5iY4-jfL0Z2xzEa5PR0yO-sm8ggRo0] [UserID: 5f831f7a94071d09bb6cbdfa] [Context: auth.js]
[2020-11-08 08:51:17.201] [info] [Message: Added Report] [ActivityID: FuxkYVCkqaJ6M5iY4-jfL0Z2xzEa5PR0yO-sm8ggRo0] [UserID: 5f831f7a94071d09bb6cbdfa] [Context: report.js]
[2020-11-08 08:51:27.844] [info] [Message: Deleted Report - 5fa7b18213b6c34ad0a69b79] [ActivityID: FuxkYVCkqaJ6M5iY4-jfL0Z2xzEa5PR0yO-sm8ggRo0] [UserID: undefined] [Context: report.js]
[2020-11-08 08:51:56.983] [info] [Message: Added Report] [ActivityID: FuxkYVCkqaJ6M5iY4-jfL0Z2xzEa5PR0yO-sm8ggRo0] [UserID: 5f831f7a94071d09bb6cbdfa] [Context: report.js]
[2020-11-08 08:52:03.600] [info] [Message: Deleted Report - 5fa7b1ac13b6c34ad0a69b7a] [ActivityID: FuxkYVCkqaJ6M5iY4-jfL0Z2xzEa5PR0yO-sm8ggRo0] [UserID: undefined] [Context: report.js]
[2020-11-08 08:57:01.232] [info] [Message: User Logged in] [ActivityID: QBHi0iVCcGCQdnvhHsbB4VxU1AOqQT_nLKkiLoTalQ8] [UserID: 5f831f7a94071d09bb6cbdfa] [Context: auth.js]
[2020-11-08 08:57:17.518] [error] [Message: Adding Report-Report not found] [ActivityID: QBHi0iVCcGCQdnvhHsbB4VxU1AOqQT_nLKkiLoTalQ8] [UserID: 5f831f7a94071d09bb6cbdfa] [Context: report.js]
[2020-11-08 08:57:40.759] [info] [Message: Added Report] [ActivityID: QBHi0iVCcGCQdnvhHsbB4VxU1AOqQT_nLKkiLoTalQ8] [UserID: 5f831f7a94071d09bb6cbdfa] [Context: report.js]
[2020-11-08 08:57:50.895] [info] [Message: Deleted Report - 5fa7b304457b417724c97507] [ActivityID: QBHi0iVCcGCQdnvhHsbB4VxU1AOqQT_nLKkiLoTalQ8] [UserID: undefined] [Context: report.js]
[2020-11-08 08:59:33.908] [info] [Message: User Logged in] [ActivityID: fjDpF_OsTQi_8x2XJUDMkcwaBJIJFYlq0dbGdOE88vI] [UserID: 5f831f7a94071d09bb6cbdfa] [Context: auth.js]
[2020-11-08 09:08:16.611] [info] [Message: User Logged in] [ActivityID: lMHFH4C5KZBYSpnkSHa2wcaZhXql_VFx1xzWCLXxYSY] [UserID: 5f831f7a94071d09bb6cbdfa] [Context: auth.js]
[2020-11-08 09:09:07.239] [info] [Message: User Logged in] [ActivityID: jE8M_yEXlZa97aBEYmLDS_3fpewO3CRfa16CnL2n7ZA] [UserID: 5f831f7a94071d09bb6cbdfa] [Context: auth.js]
[2020-11-08 09:12:42.374] [info] [Message: User Logged in] [ActivityID: eW9QJ1vjefLI651XUN1Cq6ksqfq6lFhNIjn_gGALIsY] [UserID: 5f831f7a94071d09bb6cbdfa] [Context: auth.js]
[2020-11-08 09:13:40.340] [info] [Message: Added Report] [ActivityID: eW9QJ1vjefLI651XUN1Cq6ksqfq6lFhNIjn_gGALIsY] [UserID: 5f831f7a94071d09bb6cbdfa] [Context: report.js]
[2020-11-08 09:13:48.067] [info] [Message: Deleted Report - 5fa7b6c3a831985e84b228bb] [ActivityID: eW9QJ1vjefLI651XUN1Cq6ksqfq6lFhNIjn_gGALIsY] [UserID: undefined] [Context: report.js]
[2020-11-08 09:42:08.609] [info] [Message: User Logged in] [ActivityID: 5OIBShESvbFS5ljrb2abPgp4d5wxANRzHzedOBDRcwA] [UserID: 5f831f7a94071d09bb6cbdfa] [Context: auth.js]
[2020-11-08 09:42:31.858] [info] [Message: User Logged in] [ActivityID: UUAspG8Ch2KvjruuHwK53nFaQIDYyIo8yoPz1Iafjwo] [UserID: 5f831f7a94071d09bb6cbdfa] [Context: auth.js]
[2020-11-08 09:45:02.582] [info] [Message: User Logged in] [ActivityID: HuU-ZrBFTdPR3lrpTOXUUqm-2s8xoE7zggBiNkTSrJg] [UserID: 5f831f7a94071d09bb6cbdfa] [Context: auth.js]
[2020-11-08 09:46:05.270] [info] [Message: User Logged in] [ActivityID: HDBtdy0flNKZv65mtBqBRwzhNDj4D6q9fS_YteVQes0] [UserID: 5f831f7a94071d09bb6cbdfa] [Context: auth.js]
[2020-11-08 09:48:29.421] [info] [Message: User Logged in] [ActivityID: oY5r6BrRQYhs_9PuM5De6m4RRzNH__N_hnlp4jHwcAQ] [UserID: 5f831f7a94071d09bb6cbdfa] [Context: auth.js]
[2020-11-08 09:51:13.287] [info] [Message: User Logged in] [ActivityID: h4EIJzrH5XQhp1NiPjz6Bdby9e-4ztTlbqNjeTX-Rsc] [UserID: 5f831f7a94071d09bb6cbdfa] [Context: auth.js]
[2020-11-08 09:52:39.805] [info] [Message: User Logged in] [ActivityID: yXVbGWQ8HSTI6n27hqkYOtOEHJZ7sLFtB6vw-vi4bks] [UserID: 5f831f7a94071d09bb6cbdfa] [Context: auth.js]
[2020-11-08 09:54:58.953] [info] [Message: User Logged in] [ActivityID: zuE5OtgyppLq04iOUQY-kEsyP75hTVOSCFW3-Nva1HE] [UserID: 5f831f7a94071d09bb6cbdfa] [Context: auth.js]
[2020-11-08 09:55:53.777] [info] [Message: User Logged in] [ActivityID: eLJP0sWwE1dVqMV6fMJY7PiDovwpdn9nr6bFCnEbIyg] [UserID: 5f831f7a94071d09bb6cbdfa] [Context: auth.js]
[2020-11-08 09:56:35.708] [info] [Message: User Logged in] [ActivityID: aYpQ1EtDGrzaL1DyetB47Y1AaL-44jo_CiIJRovEnvc] [UserID: 5f831f7a94071d09bb6cbdfa] [Context: auth.js]
[2020-11-08 09:57:37.066] [info] [Message: User Logged in] [ActivityID: Zpltv6EV6s8RIFQAeFXbARCjjwtK-0mcwjiFjDEqiIU] [UserID: 5f831f7a94071d09bb6cbdfa] [Context: auth.js]
[2020-11-08 10:15:02.818] [info] [Message: User Logged in] [ActivityID: HZTZ5hRD2FT7fy5fwOLDvje0_UfmsZCtWoJnSI6-S8g] [UserID: 5f831f7a94071d09bb6cbdfa] [Context: auth.js]
[2020-11-08 10:15:37.167] [info] [Message: User Logged in] [ActivityID: Fbp6uHADWr2DzqRo27enaO8D4lTfpspr-bsRYdOhR64] [UserID: 5f831f7a94071d09bb6cbdfa] [Context: auth.js]
[2020-11-08 10:19:03.479] [info] [Message: User Logged in] [ActivityID: -Fv-0rBdkrVmyvvyulV8fKJyywWqaLh8l6PethPWYgU] [UserID: 5f831f7a94071d09bb6cbdfa] [Context: auth.js]
[2020-11-08 10:19:30.274] [info] [Message: User Logged in] [ActivityID: E0jlBJCM2vS9qC-xAsI3ygknEIGPoq35jQ8_CDhaPhY] [UserID: 5f831f7a94071d09bb6cbdfa] [Context: auth.js]
[2020-11-08 10:23:16.600] [info] [Message: User Logged in] [ActivityID: ZR42qEd7Wuqw2e8-rRZDXdxraC7g8d4kWz8-EmllNeg] [UserID: 5f831f7a94071d09bb6cbdfa] [Context: auth.js]
[2020-11-08 10:23:48.971] [info] [Message: User Logged in] [ActivityID: NcfgJXk1prsLRFUR2ZJjRsjssMB_iFLGxKVyAkkYrMQ] [UserID: 5f831f7a94071d09bb6cbdfa] [Context: auth.js]
[2020-11-08 10:28:43.545] [info] [Message: User Logged in] [ActivityID: 1DTO2hd_FHYra4whNzPIa1uqhkEPtUTzMCvN3CwU06M] [UserID: 5f831f7a94071d09bb6cbdfa] [Context: auth.js]
[2020-11-08 10:29:49.682] [info] [Message: User Logged in] [ActivityID: qEAhq6lGZ0aZeo8VJZxshU7I-WdsRkW0jhn3v_nS_Bk] [UserID: 5f831f7a94071d09bb6cbdfa] [Context: auth.js]
[2020-11-08 10:32:11.413] [info] [Message: User Logged in] [ActivityID: JfaUiEUkNPjv_x9liQuNCTq8BfJDVahlwslcU-RB9cg] [UserID: 5f83fb559f36aa0deffe5f35] [Context: auth.js]
[2020-11-08 10:32:53.042] [info] [Message: User Logged in] [ActivityID: PNPIU_WJr1KulswQKWGoz-u7L6hMPzwDmFnrJ1_lDlY] [UserID: 5f831f7a94071d09bb6cbdfa] [Context: auth.js]
[2020-11-08 10:36:11.319] [info] [Message: User Logged in] [ActivityID: UyjzGPAIruzeLl283J9LmyFPfzV_oNyXM83xeSHwMRE] [UserID: 5f831f7a94071d09bb6cbdfa] [Context: auth.js]
